build/app/intermediates/manifest_merge_blame_file/release/manifest-merger-blame-release-report.txt
1<?xml version="1.0" encoding="utf-8"?>
2<manifest xmlns:android="http://schemas.android.com/apk/res/android"
3    package="com.typ.trainyourplane"
4    android:versionCode="2"
5    android:versionName="1.0.2" >
6
7    <uses-sdk
8        android:minSdkVersion="17"
8-->src\main\AndroidManifest.xml
9        android:targetSdkVersion="30" />
9-->src\main\AndroidManifest.xml
10
11    <uses-permission android:name="android.permission.INTERNET" />
11-->src\main\AndroidManifest.xml:3:5-66
11-->src\main\AndroidManifest.xml:3:22-64
12    <uses-permission android:name="android.permission.CAMERA" />
12-->src\main\AndroidManifest.xml:4:5-64
12-->src\main\AndroidManifest.xml:4:22-62
13
14    <queries>
14-->[:flutter_inappwebview] AndroidManifest.xml:7:5-11:15
15        <intent>
15-->[:flutter_inappwebview] AndroidManifest.xml:8:9-10:18
16            <action android:name="android.support.customtabs.action.CustomTabsService" />
16-->[:flutter_inappwebview] AndroidManifest.xml:9:13-90
16-->[:flutter_inappwebview] AndroidManifest.xml:9:21-87
17        </intent>
18    </queries>
19
20    <application
20-->src\main\AndroidManifest.xml:5:4-42:19
21        android:appComponentFactory="androidx.core.app.CoreComponentFactory"
21-->[androidx.core:core:1.3.0] AndroidManifest.xml:24:18-86
22        android:icon="@mipmap/ic_launcher"
22-->src\main\AndroidManifest.xml:7:9-43
23        android:label="trainyourplane" >
23-->src\main\AndroidManifest.xml:6:9-39
24        <activity
24-->src\main\AndroidManifest.xml:8:9-36:20
25            android:name="com.typ.trainyourplane.MainActivity"
25-->src\main\AndroidManifest.xml:9:13-41
26            android:configChanges="orientation|keyboardHidden|keyboard|screenSize|smallestScreenSize|locale|layoutDirection|fontScale|screenLayout|density|uiMode"
26-->src\main\AndroidManifest.xml:12:13-163
27            android:hardwareAccelerated="true"
27-->src\main\AndroidManifest.xml:13:13-47
28            android:launchMode="singleTop"
28-->src\main\AndroidManifest.xml:10:13-43
29            android:theme="@style/LaunchTheme"
29-->src\main\AndroidManifest.xml:11:13-47
30            android:windowSoftInputMode="adjustResize" >
30-->src\main\AndroidManifest.xml:14:13-55
31
32            <!--
33                 Specifies an Android theme to apply to this Activity as soon as
34                 the Android process has started. This theme is visible to the user
35                 while the Flutter UI initializes. After that, this theme continues
36                 to determine the Window background behind the Flutter UI.
37            -->
38            <meta-data
38-->src\main\AndroidManifest.xml:19:13-22:17
39                android:name="io.flutter.embedding.android.NormalTheme"
39-->src\main\AndroidManifest.xml:20:15-70
40                android:resource="@style/NormalTheme" />
40-->src\main\AndroidManifest.xml:21:15-52
41            <!--
42                 Displays an Android View that continues showing the launch screen
43                 Drawable until Flutter paints its first frame, then this splash
44                 screen fades out. A splash screen is useful to avoid any visual
45                 gap between the end of Android's launch screen and the painting of
46                 Flutter's first frame.
47            -->
48            <meta-data
48-->src\main\AndroidManifest.xml:28:13-31:17
49                android:name="io.flutter.embedding.android.SplashScreenDrawable"
49-->src\main\AndroidManifest.xml:29:15-79
50                android:resource="@drawable/launch_background" />
50-->src\main\AndroidManifest.xml:30:15-61
51
52            <intent-filter>
52-->src\main\AndroidManifest.xml:32:13-35:29
53                <action android:name="android.intent.action.MAIN" />
53-->src\main\AndroidManifest.xml:33:17-68
53-->src\main\AndroidManifest.xml:33:25-66
54
55                <category android:name="android.intent.category.LAUNCHER" />
55-->src\main\AndroidManifest.xml:34:17-76
55-->src\main\AndroidManifest.xml:34:27-74
56            </intent-filter>
57        </activity>
58        <!--
59             Don't delete the meta-data below.
60             This is used by the Flutter tool to generate GeneratedPluginRegistrant.java
61        -->
62        <meta-data
62-->src\main\AndroidManifest.xml:39:9-41:33
63            android:name="flutterEmbedding"
63-->src\main\AndroidManifest.xml:40:13-44
64            android:value="2" />
64-->src\main\AndroidManifest.xml:41:13-30
65
66        <provider
66-->[:flutter_email_sender] AndroidManifest.xml:8:9-16:20
67            android:name="com.sidlatau.flutteremailsender.FlutterEmailSenderFileProvider"
67-->[:flutter_email_sender] AndroidManifest.xml:9:13-90
68            android:authorities="com.typ.trainyourplane.file_provider"
68-->[:flutter_email_sender] AndroidManifest.xml:10:13-65
69            android:exported="false"
69-->[:flutter_email_sender] AndroidManifest.xml:11:13-37
70            android:grantUriPermissions="true" >
70-->[:flutter_email_sender] AndroidManifest.xml:12:13-47
71            <meta-data
71-->[:flutter_email_sender] AndroidManifest.xml:13:13-15:61
72                android:name="android.support.FILE_PROVIDER_PATHS"
72-->[:flutter_email_sender] AndroidManifest.xml:14:17-67
73                android:resource="@xml/shared_file_paths" />
73-->[:flutter_email_sender] AndroidManifest.xml:15:17-58
74        </provider>
75
76        <activity
76-->[:flutter_inappwebview] AndroidManifest.xml:14:9-17:47
77            android:name="com.pichillilorenzo.flutter_inappwebview.in_app_browser.InAppBrowserActivity"
77-->[:flutter_inappwebview] AndroidManifest.xml:15:13-104
78            android:configChanges="orientation|keyboardHidden|keyboard|screenSize|locale|layoutDirection|fontScale|screenLayout|density"
78-->[:flutter_inappwebview] AndroidManifest.xml:16:13-137
79            android:theme="@style/AppTheme" />
79-->[:flutter_inappwebview] AndroidManifest.xml:17:13-44
80        <activity
80-->[:flutter_inappwebview] AndroidManifest.xml:18:9-20:55
81            android:name="com.pichillilorenzo.flutter_inappwebview.chrome_custom_tabs.ChromeCustomTabsActivity"
81-->[:flutter_inappwebview] AndroidManifest.xml:19:13-112
82            android:theme="@style/ThemeTransparent" />
82-->[:flutter_inappwebview] AndroidManifest.xml:20:13-52
83
84        <receiver android:name="com.pichillilorenzo.flutter_inappwebview.chrome_custom_tabs.ActionBroadcastReceiver" />
84-->[:flutter_inappwebview] AndroidManifest.xml:22:9-120
84-->[:flutter_inappwebview] AndroidManifest.xml:22:19-117
85
86        <meta-data
86-->[:flutter_inappwebview] AndroidManifest.xml:24:9-26:36
87            android:name="io.flutter.embedded_views_preview"
87-->[:flutter_inappwebview] AndroidManifest.xml:25:13-61
88            android:value="true" />
88-->[:flutter_inappwebview] AndroidManifest.xml:26:13-33
89
90        <activity
90-->[:url_launcher] AndroidManifest.xml:8:9-11:74
91            android:name="io.flutter.plugins.urllauncher.WebViewActivity"
91-->[:url_launcher] AndroidManifest.xml:9:13-74
92            android:exported="false"
92-->[:url_launcher] AndroidManifest.xml:10:13-37
93            android:theme="@android:style/Theme.NoTitleBar.Fullscreen" />
93-->[:url_launcher] AndroidManifest.xml:11:13-71
94    </application>
95
96</manifest>